Using pre-set license
Built from '2020.3/staging' branch; Version is '2020.3.19f1 (68f137dc9bbe) revision 6877495'; Using compiler version '192528614'; Build Type 'Release'
OS: 'Windows 10 Home; OS build 19043.1348; Version 2009; 64bit' Language: 'es' Physical Memory: 16283 MB
BatchMode: 1, IsHumanControllingUs: 0, StartBugReporterOnCrash: 0, Is64bit: 1, IsPro: 0

COMMAND LINE ARGUMENTS:
D:\maria\Documents\1 Unity hub\2020.3.19f1\Editor\Unity.exe
-adb2
-batchMode
-noUpm
-name
AssetImportWorker0
-projectPath
D:/maria/Documents/github/LouseAttack/Piojo
-logFile
Logs/AssetImportWorker0.log
-srvPort
63333
Successfully changed project path to: D:/maria/Documents/github/LouseAttack/Piojo
D:/maria/Documents/github/LouseAttack/Piojo
Using Asset Import Pipeline V2.
Refreshing native plugins compatible for Editor in 41.93 ms, found 3 plugins.
Preloading 0 native plugins for Editor in 0.00 ms.
Initialize engine version: 2020.3.19f1 (68f137dc9bbe)
[Subsystems] Discovering subsystems at path D:/maria/Documents/1 Unity hub/2020.3.19f1/Editor/Data/Resources/UnitySubsystems
[Subsystems] Discovering subsystems at path D:/maria/Documents/github/LouseAttack/Piojo/Assets
GfxDevice: creating device client; threaded=0
Direct3D:
    Version:  Direct3D 11.0 [level 11.1]
    Renderer: NVIDIA GeForce GTX 1060 6GB (ID=0x1c03)
    Vendor:   
    VRAM:     6052 MB
    Driver:   26.21.14.3107
Initialize mono
Mono path[0] = 'D:/maria/Documents/1 Unity hub/2020.3.19f1/Editor/Data/Managed'
Mono path[1] = 'D:/maria/Documents/1 Unity hub/2020.3.19f1/Editor/Data/MonoBleedingEdge/lib/mono/unityjit'
Mono config path = 'D:/maria/Documents/1 Unity hub/2020.3.19f1/Editor/Data/MonoBleedingEdge/etc'
Using monoOptions --debugger-agent=transport=dt_socket,embedding=1,server=y,suspend=n,address=127.0.0.1:56588
Begin MonoManager ReloadAssembly
Registering precompiled unity dll's ...
Register platform support module: D:/maria/Documents/1 Unity hub/2020.3.19f1/Editor/Data/PlaybackEngines/WebGLSupport/UnityEditor.WebGL.Extensions.dll
Register platform support module: D:/maria/Documents/1 Unity hub/2020.3.19f1/Editor/Data/PlaybackEngines/MacStandaloneSupport/UnityEditor.OSXStandalone.Extensions.dll
Register platform support module: D:/maria/Documents/1 Unity hub/2020.3.19f1/Editor/Data/PlaybackEngines/WindowsStandaloneSupport/UnityEditor.WindowsStandalone.Extensions.dll
Register platform support module: D:/maria/Documents/1 Unity hub/2020.3.19f1/Editor/Data/PlaybackEngines/LinuxStandaloneSupport/UnityEditor.LinuxStandalone.Extensions.dll
Register platform support module: D:/maria/Documents/1 Unity hub/2020.3.19f1/Editor/Data/PlaybackEngines/LuminSupport/UnityEditor.Lumin.Extensions.dll
Registered in 0.002266 seconds.
Native extension for Lumin target not found
Native extension for LinuxStandalone target not found
Native extension for WindowsStandalone target not found
Native extension for OSXStandalone target not found
Native extension for WebGL target not found
Refreshing native plugins compatible for Editor in 40.12 ms, found 3 plugins.
Preloading 0 native plugins for Editor in 0.00 ms.
Mono: successfully reloaded assembly
- Completed reload, in  1.434 seconds
Domain Reload Profiling:
	ReloadAssembly (1434ms)
		BeginReloadAssembly (64ms)
			ExecutionOrderSort (0ms)
			DisableScriptedObjects (0ms)
			BackupInstance (0ms)
			ReleaseScriptingObjects (0ms)
			CreateAndSetChildDomain (1ms)
		EndReloadAssembly (416ms)
			LoadAssemblies (65ms)
			RebuildTransferFunctionScriptingTraits (0ms)
			SetupTypeCache (149ms)
			ReleaseScriptCaches (0ms)
			RebuildScriptCaches (30ms)
			SetupLoadedEditorAssemblies (169ms)
				LogAssemblyErrors (0ms)
				InitializePlatformSupportModulesInManaged (6ms)
				SetLoadedEditorAssemblies (0ms)
				RefreshPlugins (40ms)
				BeforeProcessingInitializeOnLoad (16ms)
				ProcessInitializeOnLoadAttributes (80ms)
				ProcessInitializeOnLoadMethodAttributes (26ms)
				AfterProcessingInitializeOnLoad (0ms)
				EditorAssembliesLoaded (0ms)
			ExecutionOrderSort2 (0ms)
			AwakeInstancesAfterBackupRestoration (0ms)
Platform modules already initialized, skipping
Registering precompiled user dll's ...
Registered in 0.003668 seconds.
Begin MonoManager ReloadAssembly
Native extension for Lumin target not found
Native extension for LinuxStandalone target not found
Native extension for WindowsStandalone target not found
Native extension for OSXStandalone target not found
Native extension for WebGL target not found
Refreshing native plugins compatible for Editor in 42.02 ms, found 3 plugins.
Preloading 0 native plugins for Editor in 0.00 ms.
Mono: successfully reloaded assembly
- Completed reload, in  1.129 seconds
Domain Reload Profiling:
	ReloadAssembly (1130ms)
		BeginReloadAssembly (150ms)
			ExecutionOrderSort (0ms)
			DisableScriptedObjects (4ms)
			BackupInstance (0ms)
			ReleaseScriptingObjects (0ms)
			CreateAndSetChildDomain (17ms)
		EndReloadAssembly (927ms)
			LoadAssemblies (107ms)
			RebuildTransferFunctionScriptingTraits (0ms)
			SetupTypeCache (320ms)
			ReleaseScriptCaches (0ms)
			RebuildScriptCaches (49ms)
			SetupLoadedEditorAssemblies (340ms)
				LogAssemblyErrors (0ms)
				InitializePlatformSupportModulesInManaged (6ms)
				SetLoadedEditorAssemblies (0ms)
				RefreshPlugins (42ms)
				BeforeProcessingInitializeOnLoad (71ms)
				ProcessInitializeOnLoadAttributes (205ms)
				ProcessInitializeOnLoadMethodAttributes (12ms)
				AfterProcessingInitializeOnLoad (2ms)
				EditorAssembliesLoaded (0ms)
			ExecutionOrderSort2 (0ms)
			AwakeInstancesAfterBackupRestoration (6ms)
Platform modules already initialized, skipping
========================================================================
Worker process is ready to serve import requests
Launched and connected shader compiler UnityShaderCompiler.exe after 0.11 seconds
Refreshing native plugins compatible for Editor in 0.46 ms, found 3 plugins.
Preloading 0 native plugins for Editor in 0.00 ms.
Unloading 2114 Unused Serialized files (Serialized files now loaded: 0)
System memory in use before: 95.7 MB.
System memory in use after: 95.8 MB.

Unloading 29 unused Assets to reduce memory usage. Loaded Objects now: 2551.
Total: 3.088200 ms (FindLiveObjects: 0.216600 ms CreateObjectMapping: 0.071500 ms MarkObjects: 2.687600 ms  DeleteObjects: 0.111400 ms)

AssetImportParameters requested are different than current active one (requested -> active):
  custom:framework-win-MediaFoundation: 216162199b28c13a410421893ffa2e32 -> 
  custom:video-decoder-ogg-theora: a1e56fd34408186e4bbccfd4996cb3dc -> 
  custom:container-muxer-webm: aa71ff27fc2769a1b78a27578f13a17b -> 
  custom:container-demuxer-webm: 4f35f7cbe854078d1ac9338744f61a02 -> 
  custom:container-demuxer-ogg: 62fdf1f143b41e24485cea50d1cbac27 -> 
  custom:video-encoder-webm-vp8: eb34c28f22e8b96e1ab97ce403110664 -> 
  custom:video-decoder-webm-vp8: 9c59270c3fd7afecdb556c50c9e8de78 -> 
  custom:audio-decoder-ogg-vorbis: bf7c407c2cedff20999df2af8eb42d56 -> 
  custom:audio-encoder-webm-vorbis: bf7c407c2cedff20999df2af8eb42d56 -> 
========================================================================
Received Import Request.
  path: Assets/Sprites/Sprites_Exp/CABEZA.png
  artifactKey: Guid(1bc5bd3732455d3419c237b4ebe32d12) Importer(815301076,1909f56bfc062723c751e8b465ee728b)
Start importing Assets/Sprites/Sprites_Exp/CABEZA.png using Guid(1bc5bd3732455d3419c237b4ebe32d12) Importer(815301076,1909f56bfc062723c751e8b465ee728b)  -> (artifact id: 'd8ebf079b001c5a26328cab6a9cf3305') in 0.195909 seconds 
  Import took 0.199106 seconds .

========================================================================
Received Import Request.
  Time since last request: 0.000262 seconds.
  path: Assets/Sprites/Sprites_Exp/COLEGIO.png
  artifactKey: Guid(9381c45ca2de53b43889d01eb5733612) Importer(815301076,1909f56bfc062723c751e8b465ee728b)
Start importing Assets/Sprites/Sprites_Exp/COLEGIO.png using Guid(9381c45ca2de53b43889d01eb5733612) Importer(815301076,1909f56bfc062723c751e8b465ee728b)  -> (artifact id: '7521ef23557007e7e06f90726be294ff') in 0.012068 seconds 
  Import took 0.037799 seconds .

========================================================================
Received Import Request.
  Time since last request: 0.000265 seconds.
  path: Assets/Sprites/Sprites_Exp/JETPACK.png
  artifactKey: Guid(c8ab71fa16743c14187cb56530aedf0c) Importer(815301076,1909f56bfc062723c751e8b465ee728b)
Start importing Assets/Sprites/Sprites_Exp/JETPACK.png using Guid(c8ab71fa16743c14187cb56530aedf0c) Importer(815301076,1909f56bfc062723c751e8b465ee728b)  -> (artifact id: '3b4a6fe4f1d5e6a61222b93ff20291ca') in 0.012093 seconds 
  Import took 0.023238 seconds .

========================================================================
Received Import Request.
  Time since last request: 0.000265 seconds.
  path: Assets/Sprites/Sprites_Exp/CLASE.png
  artifactKey: Guid(cf5e380dd497bde418a4c56b584edfbc) Importer(815301076,1909f56bfc062723c751e8b465ee728b)
Start importing Assets/Sprites/Sprites_Exp/CLASE.png using Guid(cf5e380dd497bde418a4c56b584edfbc) Importer(815301076,1909f56bfc062723c751e8b465ee728b)  -> (artifact id: 'b718ce4b7ce89ed77cafceded4c2dc7d') in 0.010907 seconds 
  Import took 0.014652 seconds .

========================================================================
Received Import Request.
  Time since last request: 0.000268 seconds.
  path: Assets/Sprites/Sprites_Exp/MADRE.png
  artifactKey: Guid(2b921d30e367d30479aeb119d402ff80) Importer(815301076,1909f56bfc062723c751e8b465ee728b)
Start importing Assets/Sprites/Sprites_Exp/MADRE.png using Guid(2b921d30e367d30479aeb119d402ff80) Importer(815301076,1909f56bfc062723c751e8b465ee728b)  -> (artifact id: 'f864fa2ee0061d40b30ee3dd5cc1780e') in 0.013102 seconds 
  Import took 0.024137 seconds .

========================================================================
Received Import Request.
  Time since last request: 0.000269 seconds.
  path: Assets/Sprites/Sprites_Exp/PATIO.png
  artifactKey: Guid(0c358615d0a219e479d19dfac70e3ac6) Importer(815301076,1909f56bfc062723c751e8b465ee728b)
Start importing Assets/Sprites/Sprites_Exp/PATIO.png using Guid(0c358615d0a219e479d19dfac70e3ac6) Importer(815301076,1909f56bfc062723c751e8b465ee728b)  -> (artifact id: 'b09917d123b5a130c226d7e06e8b5ecf') in 0.012516 seconds 
  Import took 0.019857 seconds .

========================================================================
Received Import Request.
  Time since last request: 0.000196 seconds.
  path: Assets/Sprites/Sprites_Exp/PERRO.png
  artifactKey: Guid(3b87ed9e3a34300419c0c552bda8c00c) Importer(815301076,1909f56bfc062723c751e8b465ee728b)
Start importing Assets/Sprites/Sprites_Exp/PERRO.png using Guid(3b87ed9e3a34300419c0c552bda8c00c) Importer(815301076,1909f56bfc062723c751e8b465ee728b)  -> (artifact id: 'd727da911abb44bcfdb500d7a9716aec') in 0.012450 seconds 
  Import took 0.015143 seconds .

========================================================================
Received Import Request.
  Time since last request: 0.000199 seconds.
  path: Assets/Sprites/Sprites_Exp/HOSTAL.png
  artifactKey: Guid(ae5f93a75254acf4e8a8eb5e33014655) Importer(815301076,1909f56bfc062723c751e8b465ee728b)
Start importing Assets/Sprites/Sprites_Exp/HOSTAL.png using Guid(ae5f93a75254acf4e8a8eb5e33014655) Importer(815301076,1909f56bfc062723c751e8b465ee728b)  -> (artifact id: '2fc2079e6ccae888d92cdba5b70f860c') in 0.010999 seconds 
  Import took 0.014278 seconds .

========================================================================
Received Import Request.
  Time since last request: 519.417250 seconds.
  path: Assets/Sprites/Sprites_Interfaz
  artifactKey: Guid(8c370bd05876eb04b9ac2b5b00db77b4) Importer(815301076,1909f56bfc062723c751e8b465ee728b)
Start importing Assets/Sprites/Sprites_Interfaz using Guid(8c370bd05876eb04b9ac2b5b00db77b4) Importer(815301076,1909f56bfc062723c751e8b465ee728b)  -> (artifact id: 'b56c45f92f090d9395edcdab6ec5e14c') in 0.005278 seconds 
  Import took 0.008779 seconds .

========================================================================
Received Import Request.
  Time since last request: 0.031442 seconds.
  path: Assets/Sprites/Sprites_Interfaz/click.png
  artifactKey: Guid(da696c4486b6f5648b8f1371021acc30) Importer(815301076,1909f56bfc062723c751e8b465ee728b)
Start importing Assets/Sprites/Sprites_Interfaz/click.png using Guid(da696c4486b6f5648b8f1371021acc30) Importer(815301076,1909f56bfc062723c751e8b465ee728b)  -> (artifact id: '0a92c8aa653043ff6d8509156a2fb8ab') in 0.022236 seconds 
  Import took 0.025189 seconds .

========================================================================
Received Import Request.
  Time since last request: 0.000256 seconds.
  path: Assets/Sprites/Sprites_Interfaz/f치brica.png
  artifactKey: Guid(d2aff0276200d7640b9de74619b20d4c) Importer(815301076,1909f56bfc062723c751e8b465ee728b)
Start importing Assets/Sprites/Sprites_Interfaz/f치brica.png using Guid(d2aff0276200d7640b9de74619b20d4c) Importer(815301076,1909f56bfc062723c751e8b465ee728b)  -> (artifact id: 'f00d1fbddbd8f1294f4858c2b6063951') in 0.011849 seconds 
  Import took 0.036832 seconds .

========================================================================
Received Import Request.
  Time since last request: 0.000266 seconds.
  path: Assets/Sprites/Sprites_Interfaz/combate.png
  artifactKey: Guid(16f82de4a5b905a49804a1110fb199b6) Importer(815301076,1909f56bfc062723c751e8b465ee728b)
Start importing Assets/Sprites/Sprites_Interfaz/combate.png using Guid(16f82de4a5b905a49804a1110fb199b6) Importer(815301076,1909f56bfc062723c751e8b465ee728b)  -> (artifact id: 'dcb3db72af318b83c4ae17bda95a852a') in 0.012590 seconds 
  Import took 0.015286 seconds .

========================================================================
Received Import Request.
  Time since last request: 0.000262 seconds.
  path: Assets/Sprites/Sprites_Interfaz/protecci칩n.png
  artifactKey: Guid(182912afb4fe7e84e908ebe921d08f10) Importer(815301076,1909f56bfc062723c751e8b465ee728b)
Start importing Assets/Sprites/Sprites_Interfaz/protecci칩n.png using Guid(182912afb4fe7e84e908ebe921d08f10) Importer(815301076,1909f56bfc062723c751e8b465ee728b)  -> (artifact id: '60047360a136772cf4367d6d4e498d31') in 0.014481 seconds 
  Import took 0.025882 seconds .

========================================================================
Received Import Request.
  Time since last request: 0.000231 seconds.
  path: Assets/Sprites/Sprites_Interfaz/pago.png
  artifactKey: Guid(40aca074834415745884835578f43a2f) Importer(815301076,1909f56bfc062723c751e8b465ee728b)
Start importing Assets/Sprites/Sprites_Interfaz/pago.png using Guid(40aca074834415745884835578f43a2f) Importer(815301076,1909f56bfc062723c751e8b465ee728b)  -> (artifact id: '8ebb6308fe787926788dee9ebf0968f5') in 0.012555 seconds 
  Import took 0.016024 seconds .

